<?xml version="1.0" encoding="UTF-8"?>
<testsuites name="Small Test Suite" time="16.683" tests="1" failures="0" skips="0" errors="0">
   <testsuite name="Small Test Suite" tests="1" failures="0" errors="0" time="16.683" skips="0" timestamp="2020-12-19 20:12:52" hostname="cckozie - 192.168.1.2" id="Test Suites/Small Test Suite">
      <properties>
         <property name="deviceName" value=""/>
         <property name="devicePlatform" value=""/>
         <property name="logFolder" value="/Users/cckozie/git/Katalon/tC Create Project/Reports/20201219_201247/Small Test Suite/20201219_201247"/>
         <property name="logFiles" value="/Users/cckozie/git/Katalon/tC Create Project/Reports/20201219_201247/Small Test Suite/20201219_201247/execution0.log"/>
         <property name="attachments" value=""/>
         <property name="hostName" value="cckozie - 192.168.1.2"/>
         <property name="os" value="Mac OS X 64bit"/>
         <property name="katalonVersion" value="7.8.1.208"/>
         <property name="browser" value="Chrome 87.0.4280.88"/>
         <property name="hostAddress" value="192.168.1.2"/>
         <property name="sessionId" value="2f513eca396f465c5ad0ce7cdda40fb2"/>
         <property name="seleniumVersion" value="3.141.59"/>
         <property name="proxyInformation" value="ProxyInformation { proxyOption=NO_PROXY, proxyServerType=HTTP, username=, password=********, proxyServerAddress=, proxyServerPort=0, executionList=&quot;&quot;, isApplyToDesiredCapabilities=true }"/>
         <property name="platform" value="Mac OS X"/>
      </properties>
      <testcase name="Test Cases/sandbox/pass test" time="14.265" classname="Test Cases/sandbox/pass test" status="PASSED">
         <system-out><![CDATA[2020-12-19 20:12:55 - [TEST_CASE][PASSED] - Test Cases/sandbox/pass test: Test Cases/sandbox/pass test

2020-12-19 20:12:55 - [TEST_STEP][PASSED] - Start listener action : sampleBeforeTestCase: null

2020-12-19 20:12:55 - [TEST_STEP][PASSED] - println("setup start"): null

2020-12-19 20:12:55 - [TEST_STEP][PASSED] - tcMessages = []: null

2020-12-19 20:12:55 - [TEST_STEP][PASSED] - executionProfile = getExecutionProfile(): null

2020-12-19 20:12:55 - [TEST_STEP][PASSED] - logInfo("Execution profile is " + executionProfile): Execution profile is tCC Develop

2020-12-19 20:12:55 - [MESSAGE][INFO] - Execution profile is tCC Develop

2020-12-19 20:12:55 - [TEST_STEP][PASSED] - if (pcUser == ""): null

2020-12-19 20:12:55 - [TEST_STEP][PASSED] - scriptRunning = true: null

2020-12-19 20:12:55 - [TEST_STEP][PASSED] - println("setup success"): null

2020-12-19 20:12:56 - [TEST_STEP][PASSED] - openBrowser("www.google.com"): Browser is opened with url: 'www.google.com'

2020-12-19 20:12:57 - [MESSAGE][INFO] - Starting 'Chrome' driver

2020-12-19 20:12:57 - [MESSAGE][INFO] - Action delay is set to 0 milliseconds

2020-12-19 20:13:07 - [MESSAGE][PASSED] - Browser is opened with url: 'www.google.com'

2020-12-19 20:13:07 - [TEST_STEP][PASSED] - println("this is a passing test"): null

2020-12-19 20:13:07 - [TEST_STEP][PASSED] - closeBrowser(): Browser is closed

2020-12-19 20:13:07 - [MESSAGE][PASSED] - Browser is closed

2020-12-19 20:13:07 - [TEST_STEP][PASSED] - scriptRunning = false: null

2020-12-19 20:13:07 - [TEST_STEP][ERROR] - Start listener action : sampleAfterTestCase: org.codehaus.groovy.runtime.InvokerInvocationException: groovy.lang.MissingMethodException: No signature of method: Test_Case_Teardown.File() is applicable for argument types: (java.lang.String) values: [/Users/cckozie/Katalon Studio/Files/Small_Test_Suite-121920081254.txt]
Possible solutions: find(), find(groovy.lang.Closure), with(groovy.lang.Closure), is(java.lang.Object), use([Ljava.lang.Object;), wait()
	at Test_Case_Teardown.invokeMethod(Test_Case_Teardown.groovy)
	at com.kms.katalon.core.context.internal.TestHooker.invokeMethod(TestHooker.java:111)
	at com.kms.katalon.core.context.internal.TestHooker.lambda$3(TestHooker.java:95)
	at com.kms.katalon.core.context.internal.TestHooker.invokeContextMethods(TestHooker.java:94)
	at com.kms.katalon.core.context.internal.TestListenerCollector.lambda$3(TestListenerCollector.java:88)
	at com.kms.katalon.core.context.internal.TestListenerCollector.handleListenerEvent(TestListenerCollector.java:85)
	at com.kms.katalon.core.context.internal.ExecutionEventManager.publicEvent(ExecutionEventManager.java:36)
	at com.kms.katalon.core.main.TestCaseExecutor.execute(TestCaseExecutor.java:273)
	at com.kms.katalon.core.main.TestSuiteExecutor.accessTestCaseMainPhase(TestSuiteExecutor.java:203)
	at com.kms.katalon.core.main.TestSuiteExecutor.accessTestSuiteMainPhase(TestSuiteExecutor.java:152)
	at com.kms.katalon.core.main.TestSuiteExecutor.execute(TestSuiteExecutor.java:95)
	at com.kms.katalon.core.main.TestCaseMain.startTestSuite(TestCaseMain.java:157)
	at com.kms.katalon.core.main.TestCaseMain$startTestSuite$0.call(Unknown Source)
	at TempTestSuite1608430367982.run(TempTestSuite1608430367982.groovy:39)
Caused by: groovy.lang.MissingMethodException: No signature of method: Test_Case_Teardown.File() is applicable for argument types: (java.lang.String) values: [/Users/cckozie/Katalon Studio/Files/Small_Test_Suite-121920081254.txt]
Possible solutions: find(), find(groovy.lang.Closure), with(groovy.lang.Closure), is(java.lang.Object), use([Ljava.lang.Object;), wait()
	at Test_Case_Teardown.sampleAfterTestCase(Test_Case_Teardown.groovy:42)
	... 14 more


2020-12-19 20:13:07 - [TEST_STEP][PASSED] - suite = false: null

2020-12-19 20:13:07 - [TEST_STEP][PASSED] - fileName = testSuiteLogFile: null

2020-12-19 20:13:07 - [TEST_STEP][PASSED] - if (fileName.length() > 1): null

2020-12-19 20:13:07 - [TEST_STEP][PASSED] - suite = true: null

2020-12-19 20:13:07 - [TEST_STEP][PASSED] - println("test case teardown in suite"): null

2020-12-19 20:13:07 - [TEST_STEP][ERROR] - if (suite): org.codehaus.groovy.runtime.InvokerInvocationException: groovy.lang.MissingMethodException: No signature of method: Test_Case_Teardown.File() is applicable for argument types: (java.lang.String) values: [/Users/cckozie/Katalon Studio/Files/Small_Test_Suite-121920081254.txt]
Possible solutions: find(), find(groovy.lang.Closure), with(groovy.lang.Closure), is(java.lang.Object), use([Ljava.lang.Object;), wait()
	at Test_Case_Teardown.invokeMethod(Test_Case_Teardown.groovy)
	at com.kms.katalon.core.context.internal.TestHooker.invokeMethod(TestHooker.java:111)
	at com.kms.katalon.core.context.internal.TestHooker.lambda$3(TestHooker.java:95)
	at com.kms.katalon.core.context.internal.TestHooker.invokeContextMethods(TestHooker.java:94)
	at com.kms.katalon.core.context.internal.TestListenerCollector.lambda$3(TestListenerCollector.java:88)
	at com.kms.katalon.core.context.internal.TestListenerCollector.handleListenerEvent(TestListenerCollector.java:85)
	at com.kms.katalon.core.context.internal.ExecutionEventManager.publicEvent(ExecutionEventManager.java:36)
	at com.kms.katalon.core.main.TestCaseExecutor.execute(TestCaseExecutor.java:273)
	at com.kms.katalon.core.main.TestSuiteExecutor.accessTestCaseMainPhase(TestSuiteExecutor.java:203)
	at com.kms.katalon.core.main.TestSuiteExecutor.accessTestSuiteMainPhase(TestSuiteExecutor.java:152)
	at com.kms.katalon.core.main.TestSuiteExecutor.execute(TestSuiteExecutor.java:95)
	at com.kms.katalon.core.main.TestCaseMain.startTestSuite(TestCaseMain.java:157)
	at com.kms.katalon.core.main.TestCaseMain$startTestSuite$0.call(Unknown Source)
	at TempTestSuite1608430367982.run(TempTestSuite1608430367982.groovy:39)
Caused by: groovy.lang.MissingMethodException: No signature of method: Test_Case_Teardown.File() is applicable for argument types: (java.lang.String) values: [/Users/cckozie/Katalon Studio/Files/Small_Test_Suite-121920081254.txt]
Possible solutions: find(), find(groovy.lang.Closure), with(groovy.lang.Closure), is(java.lang.Object), use([Ljava.lang.Object;), wait()
	at Test_Case_Teardown.sampleAfterTestCase(Test_Case_Teardown.groovy:42)
	... 14 more


2020-12-19 20:13:07 - [TEST_STEP][ERROR] - oFile = File(fileName): org.codehaus.groovy.runtime.InvokerInvocationException: groovy.lang.MissingMethodException: No signature of method: Test_Case_Teardown.File() is applicable for argument types: (java.lang.String) values: [/Users/cckozie/Katalon Studio/Files/Small_Test_Suite-121920081254.txt]
Possible solutions: find(), find(groovy.lang.Closure), with(groovy.lang.Closure), is(java.lang.Object), use([Ljava.lang.Object;), wait()
	at Test_Case_Teardown.invokeMethod(Test_Case_Teardown.groovy)
	at com.kms.katalon.core.context.internal.TestHooker.invokeMethod(TestHooker.java:111)
	at com.kms.katalon.core.context.internal.TestHooker.lambda$3(TestHooker.java:95)
	at com.kms.katalon.core.context.internal.TestHooker.invokeContextMethods(TestHooker.java:94)
	at com.kms.katalon.core.context.internal.TestListenerCollector.lambda$3(TestListenerCollector.java:88)
	at com.kms.katalon.core.context.internal.TestListenerCollector.handleListenerEvent(TestListenerCollector.java:85)
	at com.kms.katalon.core.context.internal.ExecutionEventManager.publicEvent(ExecutionEventManager.java:36)
	at com.kms.katalon.core.main.TestCaseExecutor.execute(TestCaseExecutor.java:273)
	at com.kms.katalon.core.main.TestSuiteExecutor.accessTestCaseMainPhase(TestSuiteExecutor.java:203)
	at com.kms.katalon.core.main.TestSuiteExecutor.accessTestSuiteMainPhase(TestSuiteExecutor.java:152)
	at com.kms.katalon.core.main.TestSuiteExecutor.execute(TestSuiteExecutor.java:95)
	at com.kms.katalon.core.main.TestCaseMain.startTestSuite(TestCaseMain.java:157)
	at com.kms.katalon.core.main.TestCaseMain$startTestSuite$0.call(Unknown Source)
	at TempTestSuite1608430367982.run(TempTestSuite1608430367982.groovy:39)
Caused by: groovy.lang.MissingMethodException: No signature of method: Test_Case_Teardown.File() is applicable for argument types: (java.lang.String) values: [/Users/cckozie/Katalon Studio/Files/Small_Test_Suite-121920081254.txt]
Possible solutions: find(), find(groovy.lang.Closure), with(groovy.lang.Closure), is(java.lang.Object), use([Ljava.lang.Object;), wait()
	at Test_Case_Teardown.sampleAfterTestCase(Test_Case_Teardown.groovy:42)
	... 14 more


2020-12-19 20:13:07 - [MESSAGE][ERROR] - org.codehaus.groovy.runtime.InvokerInvocationException: groovy.lang.MissingMethodException: No signature of method: Test_Case_Teardown.File() is applicable for argument types: (java.lang.String) values: [/Users/cckozie/Katalon Studio/Files/Small_Test_Suite-121920081254.txt]
Possible solutions: find(), find(groovy.lang.Closure), with(groovy.lang.Closure), is(java.lang.Object), use([Ljava.lang.Object;), wait()
	at Test_Case_Teardown.invokeMethod(Test_Case_Teardown.groovy)
	at com.kms.katalon.core.context.internal.TestHooker.invokeMethod(TestHooker.java:111)
	at com.kms.katalon.core.context.internal.TestHooker.lambda$3(TestHooker.java:95)
	at com.kms.katalon.core.context.internal.TestHooker.invokeContextMethods(TestHooker.java:94)
	at com.kms.katalon.core.context.internal.TestListenerCollector.lambda$3(TestListenerCollector.java:88)
	at com.kms.katalon.core.context.internal.TestListenerCollector.handleListenerEvent(TestListenerCollector.java:85)
	at com.kms.katalon.core.context.internal.ExecutionEventManager.publicEvent(ExecutionEventManager.java:36)
	at com.kms.katalon.core.main.TestCaseExecutor.execute(TestCaseExecutor.java:273)
	at com.kms.katalon.core.main.TestSuiteExecutor.accessTestCaseMainPhase(TestSuiteExecutor.java:203)
	at com.kms.katalon.core.main.TestSuiteExecutor.accessTestSuiteMainPhase(TestSuiteExecutor.java:152)
	at com.kms.katalon.core.main.TestSuiteExecutor.execute(TestSuiteExecutor.java:95)
	at com.kms.katalon.core.main.TestCaseMain.startTestSuite(TestCaseMain.java:157)
	at com.kms.katalon.core.main.TestCaseMain$startTestSuite$0.call(Unknown Source)
	at TempTestSuite1608430367982.run(TempTestSuite1608430367982.groovy:39)
Caused by: groovy.lang.MissingMethodException: No signature of method: Test_Case_Teardown.File() is applicable for argument types: (java.lang.String) values: [/Users/cckozie/Katalon Studio/Files/Small_Test_Suite-121920081254.txt]
Possible solutions: find(), find(groovy.lang.Closure), with(groovy.lang.Closure), is(java.lang.Object), use([Ljava.lang.Object;), wait()
	at Test_Case_Teardown.sampleAfterTestCase(Test_Case_Teardown.groovy:42)
	... 14 more


2020-12-19 20:13:09 - [TEST_STEP][PASSED] - Video: Video recording for test case 'Test Cases/sandbox/pass test' .

2020-12-19 20:13:09 - [MESSAGE][INFO] - Video recording for test case 'Test Cases/sandbox/pass test' .]]></system-out>
         <system-err><![CDATA[]]></system-err>
      </testcase>
      <system-out><![CDATA[2020-12-19 20:12:52 - [TEST_SUITE][INCOMPLETE] - Small Test Suite: null]]></system-out>
      <system-err><![CDATA[2020-12-19 20:12:52 - [TEST_SUITE][INCOMPLETE] - Small Test Suite: null]]></system-err>
   </testsuite>
</testsuites>
